===== [1_fetch_crypto_coinbase] START 2026-02-25T17:50:34Z =====
/home/marten/.openclaw/workspace/horus/data/raw/crypto/BTCUSD_5m.csv
/home/marten/.openclaw/workspace/horus/data/raw/crypto/ETHUSD_5m.csv
/home/marten/.openclaw/workspace/horus/data/raw/crypto/SOLUSD_5m.csv
===== [1_fetch_crypto_coinbase] OK 2026-02-25T17:50:35Z =====
===== [2_run_crypto_paper_suite] START 2026-02-25T17:50:35Z =====
/home/marten/.openclaw/workspace/horus/data/reports/crypto_suite_20260225_175037.json
/home/marten/.openclaw/workspace/horus/data/reports/crypto_suite_latest.md
===== [2_run_crypto_paper_suite] OK 2026-02-25T17:50:37Z =====
===== [3_select_strategies] START 2026-02-25T17:50:37Z =====
{"BTCUSD": ["breakout_crypto_v1"], "ETHUSD": ["breakout_crypto_v1"], "SOLUSD": ["breakout_crypto_v1"]}
===== [3_select_strategies] OK 2026-02-25T17:50:37Z =====
===== [4_paper_session_livefeed] START 2026-02-25T17:50:37Z =====
/home/marten/.openclaw/workspace/horus/data/signals/signals_livefeed_20260225_175037.json
===== [4_paper_session_livefeed] OK 2026-02-25T17:50:37Z =====
===== [5_learn_loop] START 2026-02-25T17:50:37Z =====
{"lessons": 2, "actions": 2}
===== [5_learn_loop] OK 2026-02-25T17:50:37Z =====
===== [6_report_daily] START 2026-02-25T17:50:37Z =====
/home/marten/.openclaw/workspace/horus/data/reports/daily_20260225.json
===== [6_report_daily] OK 2026-02-25T17:50:37Z =====
