[start] 2026-02-26T01:50:32+00:00 horus crypto paper pipeline
\n[step 1] python3 horus/scripts/fetch_crypto_coinbase.py
[ok] exit=0 duration=1s
/home/marten/.openclaw/workspace/horus/data/raw/crypto/BTCUSD_5m.csv
/home/marten/.openclaw/workspace/horus/data/raw/crypto/ETHUSD_5m.csv
/home/marten/.openclaw/workspace/horus/data/raw/crypto/SOLUSD_5m.csv
\n[step 2] python3 horus/scripts/run_crypto_paper_suite.py
[ok] exit=0 duration=2s
/home/marten/.openclaw/workspace/horus/data/reports/crypto_suite_20260226_015035.json
/home/marten/.openclaw/workspace/horus/data/reports/crypto_suite_latest.md
\n[step 3] python3 horus/scripts/select_strategies.py
[ok] exit=0 duration=0s
{"BTCUSD": ["breakout_crypto_v1"], "ETHUSD": ["breakout_crypto_v1"], "SOLUSD": ["breakout_crypto_v1"]}
\n[step 4] python3 horus/scripts/paper_session_livefeed.py
[ok] exit=0 duration=0s
/home/marten/.openclaw/workspace/horus/data/signals/signals_livefeed_20260226_015035.json
\n[step 5] python3 horus/scripts/learn_loop.py
[ok] exit=0 duration=0s
{"lessons": 2, "actions": 2}
\n[step 6] python3 horus/scripts/report_daily.py
[ok] exit=0 duration=0s
/home/marten/.openclaw/workspace/horus/data/reports/daily_20260226.json
\n[end] 2026-02-26T01:50:35+00:00
