===== STEP 1 START: python3 horus/scripts/fetch_crypto_coinbase.py =====
start=2026-02-25T19:20:33Z
/home/marten/.openclaw/workspace/horus/data/raw/crypto/BTCUSD_5m.csv
/home/marten/.openclaw/workspace/horus/data/raw/crypto/ETHUSD_5m.csv
/home/marten/.openclaw/workspace/horus/data/raw/crypto/SOLUSD_5m.csv
end=2026-02-25T19:20:33Z exit_code=0
[OK] step=1 cmd=python3 horus/scripts/fetch_crypto_coinbase.py
===== STEP 1 END =====

===== STEP 2 START: python3 horus/scripts/run_crypto_paper_suite.py =====
start=2026-02-25T19:20:33Z
/home/marten/.openclaw/workspace/horus/data/reports/crypto_suite_20260225_192036.json
/home/marten/.openclaw/workspace/horus/data/reports/crypto_suite_latest.md
end=2026-02-25T19:20:36Z exit_code=0
[OK] step=2 cmd=python3 horus/scripts/run_crypto_paper_suite.py
===== STEP 2 END =====

===== STEP 3 START: python3 horus/scripts/select_strategies.py =====
start=2026-02-25T19:20:36Z
{"BTCUSD": ["breakout_crypto_v1"], "ETHUSD": ["breakout_crypto_v1"], "SOLUSD": ["breakout_crypto_v1"]}
end=2026-02-25T19:20:36Z exit_code=0
[OK] step=3 cmd=python3 horus/scripts/select_strategies.py
===== STEP 3 END =====

===== STEP 4 START: python3 horus/scripts/paper_session_livefeed.py =====
start=2026-02-25T19:20:36Z
/home/marten/.openclaw/workspace/horus/data/signals/signals_livefeed_20260225_192036.json
end=2026-02-25T19:20:36Z exit_code=0
[OK] step=4 cmd=python3 horus/scripts/paper_session_livefeed.py
===== STEP 4 END =====

===== STEP 5 START: python3 horus/scripts/learn_loop.py =====
start=2026-02-25T19:20:36Z
{"lessons": 2, "actions": 2}
end=2026-02-25T19:20:36Z exit_code=0
[OK] step=5 cmd=python3 horus/scripts/learn_loop.py
===== STEP 5 END =====

===== STEP 6 START: python3 horus/scripts/report_daily.py =====
start=2026-02-25T19:20:36Z
/home/marten/.openclaw/workspace/horus/data/reports/daily_20260225.json
end=2026-02-25T19:20:36Z exit_code=0
[OK] step=6 cmd=python3 horus/scripts/report_daily.py
===== STEP 6 END =====

