[2026-02-25T19:50:36Z] Starting Horus crypto pipeline
\n[2026-02-25T19:50:36Z] STEP 1: python3 horus/scripts/fetch_crypto_coinbase.py
[2026-02-25T19:50:36Z] STEP 1 OK
/home/marten/.openclaw/workspace/horus/data/raw/crypto/BTCUSD_5m.csv
/home/marten/.openclaw/workspace/horus/data/raw/crypto/ETHUSD_5m.csv
/home/marten/.openclaw/workspace/horus/data/raw/crypto/SOLUSD_5m.csv
\n[2026-02-25T19:50:36Z] STEP 2: python3 horus/scripts/run_crypto_paper_suite.py
[2026-02-25T19:50:38Z] STEP 2 OK
/home/marten/.openclaw/workspace/horus/data/reports/crypto_suite_20260225_195038.json
/home/marten/.openclaw/workspace/horus/data/reports/crypto_suite_latest.md
\n[2026-02-25T19:50:38Z] STEP 3: python3 horus/scripts/select_strategies.py
[2026-02-25T19:50:38Z] STEP 3 OK
{"BTCUSD": ["breakout_crypto_v1"], "ETHUSD": ["breakout_crypto_v1"], "SOLUSD": ["breakout_crypto_v1"]}
\n[2026-02-25T19:50:38Z] STEP 4: python3 horus/scripts/paper_session_livefeed.py
[2026-02-25T19:50:38Z] STEP 4 OK
/home/marten/.openclaw/workspace/horus/data/signals/signals_livefeed_20260225_195038.json
\n[2026-02-25T19:50:38Z] STEP 5: python3 horus/scripts/learn_loop.py
[2026-02-25T19:50:38Z] STEP 5 OK
{"lessons": 2, "actions": 2}
\n[2026-02-25T19:50:38Z] STEP 6: python3 horus/scripts/report_daily.py
[2026-02-25T19:50:38Z] STEP 6 OK
/home/marten/.openclaw/workspace/horus/data/reports/daily_20260225.json
\n[2026-02-25T19:50:38Z] Pipeline finished
