[START] 2026-02-26T00:20:34Z
\n=== STEP: horus/scripts/fetch_crypto_coinbase.py ===
/home/marten/.openclaw/workspace/horus/data/raw/crypto/BTCUSD_5m.csv
/home/marten/.openclaw/workspace/horus/data/raw/crypto/ETHUSD_5m.csv
/home/marten/.openclaw/workspace/horus/data/raw/crypto/SOLUSD_5m.csv
[OK] horus/scripts/fetch_crypto_coinbase.py
\n=== STEP: horus/scripts/run_crypto_paper_suite.py ===
/home/marten/.openclaw/workspace/horus/data/reports/crypto_suite_20260226_002036.json
/home/marten/.openclaw/workspace/horus/data/reports/crypto_suite_latest.md
[OK] horus/scripts/run_crypto_paper_suite.py
\n=== STEP: horus/scripts/select_strategies.py ===
{"BTCUSD": ["breakout_crypto_v1"], "ETHUSD": ["breakout_crypto_v1"], "SOLUSD": ["breakout_crypto_v1"]}
[OK] horus/scripts/select_strategies.py
\n=== STEP: horus/scripts/paper_session_livefeed.py ===
/home/marten/.openclaw/workspace/horus/data/signals/signals_livefeed_20260226_002036.json
[OK] horus/scripts/paper_session_livefeed.py
\n=== STEP: horus/scripts/learn_loop.py ===
{"lessons": 2, "actions": 2}
[OK] horus/scripts/learn_loop.py
\n=== STEP: horus/scripts/report_daily.py ===
/home/marten/.openclaw/workspace/horus/data/reports/daily_20260226.json
[OK] horus/scripts/report_daily.py
[END] 2026-02-26T00:20:36Z
