[START] Horus crypto paper pipeline @ Thu Feb 26 02:20:32 UTC 2026
\n[STEP] python3 horus/scripts/fetch_crypto_coinbase.py
/home/marten/.openclaw/workspace/horus/data/raw/crypto/BTCUSD_5m.csv
/home/marten/.openclaw/workspace/horus/data/raw/crypto/ETHUSD_5m.csv
/home/marten/.openclaw/workspace/horus/data/raw/crypto/SOLUSD_5m.csv
[OK] python3 horus/scripts/fetch_crypto_coinbase.py
\n[STEP] python3 horus/scripts/run_crypto_paper_suite.py
/home/marten/.openclaw/workspace/horus/data/reports/crypto_suite_20260226_022034.json
/home/marten/.openclaw/workspace/horus/data/reports/crypto_suite_latest.md
[OK] python3 horus/scripts/run_crypto_paper_suite.py
\n[STEP] python3 horus/scripts/select_strategies.py
{"BTCUSD": ["breakout_crypto_v1"], "ETHUSD": ["breakout_crypto_v1"], "SOLUSD": ["breakout_crypto_v1"]}
[OK] python3 horus/scripts/select_strategies.py
\n[STEP] python3 horus/scripts/paper_session_livefeed.py
/home/marten/.openclaw/workspace/horus/data/signals/signals_livefeed_20260226_022034.json
[OK] python3 horus/scripts/paper_session_livefeed.py
\n[STEP] python3 horus/scripts/learn_loop.py
{"lessons": 2, "actions": 2}
[OK] python3 horus/scripts/learn_loop.py
\n[STEP] python3 horus/scripts/report_daily.py
/home/marten/.openclaw/workspace/horus/data/reports/daily_20260226.json
[OK] python3 horus/scripts/report_daily.py
\n[END] Pipeline finished @ Thu Feb 26 02:20:34 UTC 2026
