===== STEP 1 START: python3 horus/scripts/fetch_crypto_coinbase.py =====
[2026-02-25T21:20:35Z] STEP 1 OK
/home/marten/.openclaw/workspace/horus/data/raw/crypto/BTCUSD_5m.csv
/home/marten/.openclaw/workspace/horus/data/raw/crypto/ETHUSD_5m.csv
/home/marten/.openclaw/workspace/horus/data/raw/crypto/SOLUSD_5m.csv
===== STEP 1 END =====
===== STEP 2 START: python3 horus/scripts/run_crypto_paper_suite.py =====
[2026-02-25T21:20:35Z] STEP 2 OK
/home/marten/.openclaw/workspace/horus/data/reports/crypto_suite_20260225_212037.json
/home/marten/.openclaw/workspace/horus/data/reports/crypto_suite_latest.md
===== STEP 2 END =====
===== STEP 3 START: python3 horus/scripts/select_strategies.py =====
[2026-02-25T21:20:38Z] STEP 3 OK
{"BTCUSD": ["breakout_crypto_v1"], "ETHUSD": ["breakout_crypto_v1"], "SOLUSD": ["breakout_crypto_v1"]}
===== STEP 3 END =====
===== STEP 4 START: python3 horus/scripts/paper_session_livefeed.py =====
[2026-02-25T21:20:38Z] STEP 4 OK
/home/marten/.openclaw/workspace/horus/data/signals/signals_livefeed_20260225_212038.json
===== STEP 4 END =====
===== STEP 5 START: python3 horus/scripts/learn_loop.py =====
[2026-02-25T21:20:38Z] STEP 5 OK
{"lessons": 2, "actions": 2}
===== STEP 5 END =====
===== STEP 6 START: python3 horus/scripts/report_daily.py =====
[2026-02-25T21:20:38Z] STEP 6 OK
/home/marten/.openclaw/workspace/horus/data/reports/daily_20260225.json
===== STEP 6 END =====
FINAL_STATUS=0
